
-----
Test: Project_resume/tests/test_buy_product.py::test_buy_product_1 (call)
Start time: 2022-10-07 11:52:31.952264
Start name method: enter_login_page

End time: 2022-10-07 11:52:47.262140
End name method: enter_login_page
URL: https://www.maxpedition.com/account/login

-----

-----
Test: Project_resume/tests/test_buy_product.py::test_buy_product_1 (call)
Start time: 2022-10-07 11:52:47.262140
Start name method: authorization

End time: 2022-10-07 11:52:56.222652
End name method: authorization
URL: https://www.maxpedition.com/challenge

-----

-----
Test: Project_resume/tests/test_buy_product.py::test_buy_product_1 (call)
Start time: 2022-10-07 11:52:56.228652
Start name method: Enter_main_page

End time: 2022-10-07 11:53:01.822972
End name method: Enter_main_page
URL: https://www.maxpedition.com/pages/search-results-page

-----

-----
Test: Project_resume/tests/test_buy_product.py::test_buy_product_1 (call)
Start time: 2022-10-07 11:53:01.822972
Start name method: select_product

End time: 2022-10-07 11:53:20.159021
End name method: select_product
URL: https://www.maxpedition.com/products/lithvore-everyday-backpack?variant=28168844369

-----

-----
Test: Project_resume/tests/test_buy_product.py::test_buy_product_1 (call)
Start time: 2022-10-07 11:53:20.159021
Start name method: add_to_cart_product

End time: 2022-10-07 11:53:28.893521
End name method: add_to_cart_product
URL: https://www.maxpedition.com/cart

-----

-----
Test: Project_resume/tests/test_buy_product.py::test_buy_product_1 (call)
Start time: 2022-10-07 11:53:28.894521
Start name method: transition_to_payment

End time: 2022-10-07 11:53:54.072961
End name method: transition_to_payment
URL: https://www.maxpedition.com/cart

-----

-----
Test: Project_resume/tests/test_buy_product.py::test_buy_product_1 (call)
Start time: 2022-10-07 11:53:54.073961
Start name method: info_for_payment

End time: 2022-10-07 11:54:14.622136
End name method: info_for_payment
URL: https://www.maxpedition.com/15275001/checkouts/f22b2b3a01fa5a93f2088561baf10868?_ga=2.126167307.706825490.1665132759-1154218394.1665132759

-----
